-------------------------------------------------------------------------------
Test set: edu.unlv.cs.rebelhotel.domain.MajorIntegrationTest
-------------------------------------------------------------------------------
Tests run: 9, Failures: 0, Errors: 2, Skipped: 0, Time elapsed: 2.164 sec <<< FAILURE!
testPersist(edu.unlv.cs.rebelhotel.domain.MajorIntegrationTest)  Time elapsed: 0.287 sec  <<< ERROR!
org.springframework.orm.jpa.JpaSystemException: org.hibernate.exception.GenericJDBCException: could not insert: [edu.unlv.cs.rebelhotel.domain.Major]; nested exception is javax.persistence.PersistenceException: org.hibernate.exception.GenericJDBCException: could not insert: [edu.unlv.cs.rebelhotel.domain.Major]
	at org.springframework.orm.jpa.EntityManagerFactoryUtils.convertJpaAccessExceptionIfPossible(EntityManagerFactoryUtils.java:311)
	at org.springframework.orm.jpa.aspectj.JpaExceptionTranslatorAspect.ajc$afterThrowing$org_springframework_orm_jpa_aspectj_JpaExceptionTranslatorAspect$1$18a1ac9(JpaExceptionTranslatorAspect.aj:15)
	at edu.unlv.cs.rebelhotel.domain.Major_Roo_Entity.ajc$interMethod$edu_unlv_cs_rebelhotel_domain_Major_Roo_Entity$edu_unlv_cs_rebelhotel_domain_Major$persist(Major_Roo_Entity.aj:55)
	at edu.unlv.cs.rebelhotel.domain.Major.persist(Major.java:1)
	at edu.unlv.cs.rebelhotel.domain.Major_Roo_Entity.ajc$interMethodDispatch1$edu_unlv_cs_rebelhotel_domain_Major_Roo_Entity$edu_unlv_cs_rebelhotel_domain_Major$persist(Major_Roo_Entity.aj)
	at edu.unlv.cs.rebelhotel.domain.MajorIntegrationTest_Roo_IntegrationTest.ajc$interMethod$edu_unlv_cs_rebelhotel_domain_MajorIntegrationTest_Roo_IntegrationTest$edu_unlv_cs_rebelhotel_domain_MajorIntegrationTest$testPersist(MajorIntegrationTest_Roo_IntegrationTest.aj:98)
	at edu.unlv.cs.rebelhotel.domain.MajorIntegrationTest.testPersist(MajorIntegrationTest.java:1)
	at sun.reflect.NativeMethodAccessorImpl.invoke0(Native Method)
	at sun.reflect.NativeMethodAccessorImpl.invoke(NativeMethodAccessorImpl.java:39)
	at sun.reflect.DelegatingMethodAccessorImpl.invoke(DelegatingMethodAccessorImpl.java:25)
	at java.lang.reflect.Method.invoke(Method.java:597)
	at org.junit.runners.model.FrameworkMethod$1.runReflectiveCall(FrameworkMethod.java:44)
	at org.junit.internal.runners.model.ReflectiveCallable.run(ReflectiveCallable.java:15)
	at org.junit.runners.model.FrameworkMethod.invokeExplosively(FrameworkMethod.java:41)
	at org.junit.internal.runners.statements.InvokeMethod.evaluate(InvokeMethod.java:20)
	at org.springframework.test.context.junit4.statements.RunBeforeTestMethodCallbacks.evaluate(RunBeforeTestMethodCallbacks.java:74)
	at org.springframework.test.context.junit4.statements.RunAfterTestMethodCallbacks.evaluate(RunAfterTestMethodCallbacks.java:82)
	at org.springframework.test.context.junit4.statements.SpringRepeat.evaluate(SpringRepeat.java:72)
	at org.springframework.test.context.junit4.SpringJUnit4ClassRunner.runChild(SpringJUnit4ClassRunner.java:240)
	at org.junit.runners.BlockJUnit4ClassRunner.runChild(BlockJUnit4ClassRunner.java:50)
	at org.junit.runners.ParentRunner$3.run(ParentRunner.java:193)
	at org.junit.runners.ParentRunner$1.schedule(ParentRunner.java:52)
	at org.junit.runners.ParentRunner.runChildren(ParentRunner.java:191)
	at org.junit.runners.ParentRunner.access$000(ParentRunner.java:42)
	at org.junit.runners.ParentRunner$2.evaluate(ParentRunner.java:184)
	at org.springframework.test.context.junit4.statements.RunBeforeTestClassCallbacks.evaluate(RunBeforeTestClassCallbacks.java:61)
	at org.springframework.test.context.junit4.statements.RunAfterTestClassCallbacks.evaluate(RunAfterTestClassCallbacks.java:70)
	at org.junit.runners.ParentRunner.run(ParentRunner.java:236)
	at org.springframework.test.context.junit4.SpringJUnit4ClassRunner.run(SpringJUnit4ClassRunner.java:180)
	at org.apache.maven.surefire.junit4.JUnit4TestSet.execute(JUnit4TestSet.java:59)
	at org.apache.maven.surefire.suite.AbstractDirectoryTestSuite.executeTestSet(AbstractDirectoryTestSuite.java:115)
	at org.apache.maven.surefire.suite.AbstractDirectoryTestSuite.execute(AbstractDirectoryTestSuite.java:102)
	at org.apache.maven.surefire.Surefire.run(Surefire.java:180)
	at sun.reflect.NativeMethodAccessorImpl.invoke0(Native Method)
	at sun.reflect.NativeMethodAccessorImpl.invoke(NativeMethodAccessorImpl.java:39)
	at sun.reflect.DelegatingMethodAccessorImpl.invoke(DelegatingMethodAccessorImpl.java:25)
	at java.lang.reflect.Method.invoke(Method.java:597)
	at org.apache.maven.surefire.booter.SurefireBooter.runSuitesInProcess(SurefireBooter.java:350)
	at org.apache.maven.surefire.booter.SurefireBooter.main(SurefireBooter.java:1021)
Caused by: javax.persistence.PersistenceException: org.hibernate.exception.GenericJDBCException: could not insert: [edu.unlv.cs.rebelhotel.domain.Major]
	at org.hibernate.ejb.AbstractEntityManagerImpl.convert(AbstractEntityManagerImpl.java:1214)
	at org.hibernate.ejb.AbstractEntityManagerImpl.convert(AbstractEntityManagerImpl.java:1147)
	at org.hibernate.ejb.AbstractEntityManagerImpl.convert(AbstractEntityManagerImpl.java:1153)
	at org.hibernate.ejb.AbstractEntityManagerImpl.persist(AbstractEntityManagerImpl.java:678)
	at sun.reflect.NativeMethodAccessorImpl.invoke0(Native Method)
	at sun.reflect.NativeMethodAccessorImpl.invoke(NativeMethodAccessorImpl.java:39)
	at sun.reflect.DelegatingMethodAccessorImpl.invoke(DelegatingMethodAccessorImpl.java:25)
	at java.lang.reflect.Method.invoke(Method.java:597)
	at org.springframework.orm.jpa.SharedEntityManagerCreator$SharedEntityManagerInvocationHandler.invoke(SharedEntityManagerCreator.java:240)
	at $Proxy45.persist(Unknown Source)
	... 37 more
Caused by: org.hibernate.exception.GenericJDBCException: could not insert: [edu.unlv.cs.rebelhotel.domain.Major]
	at org.hibernate.exception.SQLStateConverter.handledNonSpecificException(SQLStateConverter.java:140)
	at org.hibernate.exception.SQLStateConverter.convert(SQLStateConverter.java:128)
	at org.hibernate.exception.JDBCExceptionHelper.convert(JDBCExceptionHelper.java:66)
	at org.hibernate.id.insert.AbstractReturningDelegate.performInsert(AbstractReturningDelegate.java:64)
	at org.hibernate.persister.entity.AbstractEntityPersister.insert(AbstractEntityPersister.java:2327)
	at org.hibernate.persister.entity.AbstractEntityPersister.insert(AbstractEntityPersister.java:2834)
	at org.hibernate.action.EntityIdentityInsertAction.execute(EntityIdentityInsertAction.java:71)
	at org.hibernate.engine.ActionQueue.execute(ActionQueue.java:273)
	at org.hibernate.event.def.AbstractSaveEventListener.performSaveOrReplicate(AbstractSaveEventListener.java:320)
	at org.hibernate.event.def.AbstractSaveEventListener.performSave(AbstractSaveEventListener.java:203)
	at org.hibernate.event.def.AbstractSaveEventListener.saveWithGeneratedId(AbstractSaveEventListener.java:129)
	at org.hibernate.ejb.event.EJB3PersistEventListener.saveWithGeneratedId(EJB3PersistEventListener.java:69)
	at org.hibernate.event.def.DefaultPersistEventListener.entityIsTransient(DefaultPersistEventListener.java:179)
	at org.hibernate.event.def.DefaultPersistEventListener.onPersist(DefaultPersistEventListener.java:135)
	at org.hibernate.event.def.DefaultPersistEventListener.onPersist(DefaultPersistEventListener.java:61)
	at org.hibernate.impl.SessionImpl.firePersist(SessionImpl.java:808)
	at org.hibernate.impl.SessionImpl.persist(SessionImpl.java:782)
	at org.hibernate.impl.SessionImpl.persist(SessionImpl.java:786)
	at org.hibernate.ejb.AbstractEntityManagerImpl.persist(AbstractEntityManagerImpl.java:672)
	... 43 more
Caused by: java.sql.SQLException: Field 'completed_work_requirements' doesn't have a default value
	at com.mysql.jdbc.SQLError.createSQLException(SQLError.java:1075)
	at com.mysql.jdbc.MysqlIO.checkErrorPacket(MysqlIO.java:3566)
	at com.mysql.jdbc.MysqlIO.checkErrorPacket(MysqlIO.java:3498)
	at com.mysql.jdbc.MysqlIO.sendCommand(MysqlIO.java:1959)
	at com.mysql.jdbc.MysqlIO.sqlQueryDirect(MysqlIO.java:2113)
	at com.mysql.jdbc.ConnectionImpl.execSQL(ConnectionImpl.java:2568)
	at com.mysql.jdbc.PreparedStatement.executeInternal(PreparedStatement.java:2113)
	at com.mysql.jdbc.PreparedStatement.executeUpdate(PreparedStatement.java:2409)
	at com.mysql.jdbc.PreparedStatement.executeUpdate(PreparedStatement.java:2327)
	at com.mysql.jdbc.PreparedStatement.executeUpdate(PreparedStatement.java:2312)
	at org.apache.commons.dbcp.DelegatingPreparedStatement.executeUpdate(DelegatingPreparedStatement.java:105)
	at org.apache.commons.dbcp.DelegatingPreparedStatement.executeUpdate(DelegatingPreparedStatement.java:105)
	at org.hibernate.id.IdentityGenerator$GetGeneratedKeysDelegate.executeAndExtract(IdentityGenerator.java:94)
	at org.hibernate.id.insert.AbstractReturningDelegate.performInsert(AbstractReturningDelegate.java:57)
	... 58 more

testRemove(edu.unlv.cs.rebelhotel.domain.MajorIntegrationTest)  Time elapsed: 0.35 sec  <<< ERROR!
org.springframework.orm.jpa.JpaSystemException: org.hibernate.exception.ConstraintViolationException: could not delete: [edu.unlv.cs.rebelhotel.domain.Major#82]; nested exception is javax.persistence.PersistenceException: org.hibernate.exception.ConstraintViolationException: could not delete: [edu.unlv.cs.rebelhotel.domain.Major#82]
	at org.springframework.orm.jpa.EntityManagerFactoryUtils.convertJpaAccessExceptionIfPossible(EntityManagerFactoryUtils.java:311)
	at org.springframework.orm.jpa.aspectj.JpaExceptionTranslatorAspect.ajc$afterThrowing$org_springframework_orm_jpa_aspectj_JpaExceptionTranslatorAspect$1$18a1ac9(JpaExceptionTranslatorAspect.aj:15)
	at edu.unlv.cs.rebelhotel.domain.Major_Roo_Entity.ajc$interMethod$edu_unlv_cs_rebelhotel_domain_Major_Roo_Entity$edu_unlv_cs_rebelhotel_domain_Major$flush(Major_Roo_Entity.aj:72)
	at edu.unlv.cs.rebelhotel.domain.Major.flush(Major.java:1)
	at edu.unlv.cs.rebelhotel.domain.Major_Roo_Entity.ajc$interMethodDispatch1$edu_unlv_cs_rebelhotel_domain_Major_Roo_Entity$edu_unlv_cs_rebelhotel_domain_Major$flush(Major_Roo_Entity.aj)
	at edu.unlv.cs.rebelhotel.domain.MajorIntegrationTest_Roo_IntegrationTest.ajc$interMethod$edu_unlv_cs_rebelhotel_domain_MajorIntegrationTest_Roo_IntegrationTest$edu_unlv_cs_rebelhotel_domain_MajorIntegrationTest$testRemove(MajorIntegrationTest_Roo_IntegrationTest.aj:111)
	at edu.unlv.cs.rebelhotel.domain.MajorIntegrationTest.testRemove(MajorIntegrationTest.java:1)
	at sun.reflect.NativeMethodAccessorImpl.invoke0(Native Method)
	at sun.reflect.NativeMethodAccessorImpl.invoke(NativeMethodAccessorImpl.java:39)
	at sun.reflect.DelegatingMethodAccessorImpl.invoke(DelegatingMethodAccessorImpl.java:25)
	at java.lang.reflect.Method.invoke(Method.java:597)
	at org.junit.runners.model.FrameworkMethod$1.runReflectiveCall(FrameworkMethod.java:44)
	at org.junit.internal.runners.model.ReflectiveCallable.run(ReflectiveCallable.java:15)
	at org.junit.runners.model.FrameworkMethod.invokeExplosively(FrameworkMethod.java:41)
	at org.junit.internal.runners.statements.InvokeMethod.evaluate(InvokeMethod.java:20)
	at org.springframework.test.context.junit4.statements.RunBeforeTestMethodCallbacks.evaluate(RunBeforeTestMethodCallbacks.java:74)
	at org.springframework.test.context.junit4.statements.RunAfterTestMethodCallbacks.evaluate(RunAfterTestMethodCallbacks.java:82)
	at org.springframework.test.context.junit4.statements.SpringRepeat.evaluate(SpringRepeat.java:72)
	at org.springframework.test.context.junit4.SpringJUnit4ClassRunner.runChild(SpringJUnit4ClassRunner.java:240)
	at org.junit.runners.BlockJUnit4ClassRunner.runChild(BlockJUnit4ClassRunner.java:50)
	at org.junit.runners.ParentRunner$3.run(ParentRunner.java:193)
	at org.junit.runners.ParentRunner$1.schedule(ParentRunner.java:52)
	at org.junit.runners.ParentRunner.runChildren(ParentRunner.java:191)
	at org.junit.runners.ParentRunner.access$000(ParentRunner.java:42)
	at org.junit.runners.ParentRunner$2.evaluate(ParentRunner.java:184)
	at org.springframework.test.context.junit4.statements.RunBeforeTestClassCallbacks.evaluate(RunBeforeTestClassCallbacks.java:61)
	at org.springframework.test.context.junit4.statements.RunAfterTestClassCallbacks.evaluate(RunAfterTestClassCallbacks.java:70)
	at org.junit.runners.ParentRunner.run(ParentRunner.java:236)
	at org.springframework.test.context.junit4.SpringJUnit4ClassRunner.run(SpringJUnit4ClassRunner.java:180)
	at org.apache.maven.surefire.junit4.JUnit4TestSet.execute(JUnit4TestSet.java:59)
	at org.apache.maven.surefire.suite.AbstractDirectoryTestSuite.executeTestSet(AbstractDirectoryTestSuite.java:115)
	at org.apache.maven.surefire.suite.AbstractDirectoryTestSuite.execute(AbstractDirectoryTestSuite.java:102)
	at org.apache.maven.surefire.Surefire.run(Surefire.java:180)
	at sun.reflect.NativeMethodAccessorImpl.invoke0(Native Method)
	at sun.reflect.NativeMethodAccessorImpl.invoke(NativeMethodAccessorImpl.java:39)
	at sun.reflect.DelegatingMethodAccessorImpl.invoke(DelegatingMethodAccessorImpl.java:25)
	at java.lang.reflect.Method.invoke(Method.java:597)
	at org.apache.maven.surefire.booter.SurefireBooter.runSuitesInProcess(SurefireBooter.java:350)
	at org.apache.maven.surefire.booter.SurefireBooter.main(SurefireBooter.java:1021)
Caused by: javax.persistence.PersistenceException: org.hibernate.exception.ConstraintViolationException: could not delete: [edu.unlv.cs.rebelhotel.domain.Major#82]
	at org.hibernate.ejb.AbstractEntityManagerImpl.convert(AbstractEntityManagerImpl.java:1214)
	at org.hibernate.ejb.AbstractEntityManagerImpl.convert(AbstractEntityManagerImpl.java:1147)
	at org.hibernate.ejb.AbstractEntityManagerImpl.convert(AbstractEntityManagerImpl.java:1153)
	at org.hibernate.ejb.AbstractEntityManagerImpl.flush(AbstractEntityManagerImpl.java:798)
	at sun.reflect.GeneratedMethodAccessor17.invoke(Unknown Source)
	at sun.reflect.DelegatingMethodAccessorImpl.invoke(DelegatingMethodAccessorImpl.java:25)
	at java.lang.reflect.Method.invoke(Method.java:597)
	at org.springframework.orm.jpa.SharedEntityManagerCreator$SharedEntityManagerInvocationHandler.invoke(SharedEntityManagerCreator.java:240)
	at $Proxy45.flush(Unknown Source)
	... 37 more
Caused by: org.hibernate.exception.ConstraintViolationException: could not delete: [edu.unlv.cs.rebelhotel.domain.Major#82]
	at org.hibernate.exception.SQLStateConverter.convert(SQLStateConverter.java:96)
	at org.hibernate.exception.JDBCExceptionHelper.convert(JDBCExceptionHelper.java:66)
	at org.hibernate.persister.entity.AbstractEntityPersister.delete(AbstractEntityPersister.java:2710)
	at org.hibernate.persister.entity.AbstractEntityPersister.delete(AbstractEntityPersister.java:2893)
	at org.hibernate.action.EntityDeleteAction.execute(EntityDeleteAction.java:97)
	at org.hibernate.engine.ActionQueue.execute(ActionQueue.java:273)
	at org.hibernate.engine.ActionQueue.executeActions(ActionQueue.java:265)
	at org.hibernate.engine.ActionQueue.executeActions(ActionQueue.java:189)
	at org.hibernate.event.def.AbstractFlushingEventListener.performExecutions(AbstractFlushingEventListener.java:321)
	at org.hibernate.event.def.DefaultFlushEventListener.onFlush(DefaultFlushEventListener.java:51)
	at org.hibernate.impl.SessionImpl.flush(SessionImpl.java:1216)
	at org.hibernate.ejb.AbstractEntityManagerImpl.flush(AbstractEntityManagerImpl.java:795)
	... 42 more
Caused by: com.mysql.jdbc.exceptions.jdbc4.MySQLIntegrityConstraintViolationException: Cannot delete or update a parent row: a foreign key constraint fails (`rebelhotel`.`student_majors`, CONSTRAINT `FKC0E9945E48B984EE` FOREIGN KEY (`majors`) REFERENCES `major` (`id`))
	at sun.reflect.NativeConstructorAccessorImpl.newInstance0(Native Method)
	at sun.reflect.NativeConstructorAccessorImpl.newInstance(NativeConstructorAccessorImpl.java:39)
	at sun.reflect.DelegatingConstructorAccessorImpl.newInstance(DelegatingConstructorAccessorImpl.java:27)
	at java.lang.reflect.Constructor.newInstance(Constructor.java:513)
	at com.mysql.jdbc.Util.handleNewInstance(Util.java:409)
	at com.mysql.jdbc.Util.getInstance(Util.java:384)
	at com.mysql.jdbc.SQLError.createSQLException(SQLError.java:1041)
	at com.mysql.jdbc.MysqlIO.checkErrorPacket(MysqlIO.java:3566)
	at com.mysql.jdbc.MysqlIO.checkErrorPacket(MysqlIO.java:3498)
	at com.mysql.jdbc.MysqlIO.sendCommand(MysqlIO.java:1959)
	at com.mysql.jdbc.MysqlIO.sqlQueryDirect(MysqlIO.java:2113)
	at com.mysql.jdbc.ConnectionImpl.execSQL(ConnectionImpl.java:2568)
	at com.mysql.jdbc.PreparedStatement.executeInternal(PreparedStatement.java:2113)
	at com.mysql.jdbc.PreparedStatement.executeUpdate(PreparedStatement.java:2409)
	at com.mysql.jdbc.PreparedStatement.executeUpdate(PreparedStatement.java:2327)
	at com.mysql.jdbc.PreparedStatement.executeUpdate(PreparedStatement.java:2312)
	at org.apache.commons.dbcp.DelegatingPreparedStatement.executeUpdate(DelegatingPreparedStatement.java:105)
	at org.apache.commons.dbcp.DelegatingPreparedStatement.executeUpdate(DelegatingPreparedStatement.java:105)
	at org.hibernate.persister.entity.AbstractEntityPersister.delete(AbstractEntityPersister.java:2692)
	... 51 more

