<?xml version="1.0" encoding="UTF-8" ?>
<testsuite failures="0" time="1.507" errors="0" skipped="0" tests="9" name="edu.unlv.cs.rebelhotel.domain.WorkRequirementIntegrationTest">
  <properties>
[...]
</properties>
  <testcase time="0.083" classname="edu.unlv.cs.rebelhotel.domain.WorkRequirementIntegrationTest" name="testMarkerMethod"/>
  <testcase time="0.155" classname="edu.unlv.cs.rebelhotel.domain.WorkRequirementIntegrationTest" name="testFlush"/>
  <testcase time="0.161" classname="edu.unlv.cs.rebelhotel.domain.WorkRequirementIntegrationTest" name="testMerge"/>
  <testcase time="0.236" classname="edu.unlv.cs.rebelhotel.domain.WorkRequirementIntegrationTest" name="testPersist"/>
  <testcase time="0.092" classname="edu.unlv.cs.rebelhotel.domain.WorkRequirementIntegrationTest" name="testRemove"/>
  <testcase time="0.189" classname="edu.unlv.cs.rebelhotel.domain.WorkRequirementIntegrationTest" name="testCountWorkRequirements"/>
  <testcase time="0.163" classname="edu.unlv.cs.rebelhotel.domain.WorkRequirementIntegrationTest" name="testFindWorkRequirement"/>
  <testcase time="0.209" classname="edu.unlv.cs.rebelhotel.domain.WorkRequirementIntegrationTest" name="testFindAllWorkRequirements"/>
  <testcase time="0.212" classname="edu.unlv.cs.rebelhotel.domain.WorkRequirementIntegrationTest" name="testFindWorkRequirementEntries"/>
</testsuite>